2015-08-02 23:16:47
SELECT NAME,user_type,id FROM weixin_user WHERE delated=0 AND PASSWORD='asd123321'AND NAME='xia'  ;
2015-08-02 23:23:29
SELECT NAME,user_type,id FROM weixin_user WHERE delated=0 AND PASSWORD='e7543b108c9167a92fe8735cdc4c046d' AND NAME='' ;
2015-08-02 23:24:31
SELECT NAME,user_type,id FROM weixin_user WHERE delated=0 AND PASSWORD='e7543b108c9167a92fe8735cdc4c046d' AND NAME='xia' ;
2015-08-02 23:29:04
SELECT NAME,user_type,id FROM weixin_user WHERE delated=0 AND password='e7543b108c9167a92fe8735cdc4c046d' AND name='xia' ;
2015-08-02 23:29:55
SELECT NAME,user_type,id FROM weixin_user WHERE delated=0 AND password='e7543b108c9167a92fe8735cdc4c046d' AND name='xia' ;
2015-08-02 23:33:06
SELECT NAME,user_type,id FROM weixin_user WHERE delated=0 AND password='074c4ffb2adae2893b2d20665fbc99cc' AND name='xia' ;
2015-08-02 23:33:12
SELECT NAME,user_type,id FROM weixin_user WHERE delated=0 AND password='074c4ffb2adae2893b2d20665fbc99cc' AND name='xia' ;
2015-08-02 23:33:19
SELECT NAME,user_type,id FROM weixin_user WHERE delated=0 AND password='e7543b108c9167a92fe8735cdc4c046d' AND name='xia' ;
2015-08-02 23:33:52
SELECT NAME,user_type,id FROM weixin_user WHERE delated=0 AND password='e7543b108c9167a92fe8735cdc4c046d' AND name='xia' ;
2015-08-02 23:34:16
SELECT name,user_type,id FROM weixin_user WHERE delated=0 AND password='e7543b108c9167a92fe8735cdc4c046d' AND name='xia' ;
2015-08-02 23:34:53
SELECT name,user_type,id FROM weixin_user WHERE delated=0 AND password='074c4ffb2adae2893b2d20665fbc99cc' AND name='xia' ;
2015-08-02 23:38:44
SELECT name,user_type,id FROM weixin_user WHERE delated=0 AND password='e7543b108c9167a92fe8735cdc4c046d' AND name='xia' ;
2015-08-02 23:39:07
SELECT name,user_type,id FROM weixin_user WHERE delated=0 AND password='e7543b108c9167a92fe8735cdc4c046d' AND name='xia' ;
2015-08-02 23:41:33
SELECT name,user_type,id FROM weixin_user WHERE delated=0 AND password='e7543b108c9167a92fe8735cdc4c046d' AND name='xia' ;
2015-08-02 23:52:53
SELECT name,user_type,id FROM weixin_user WHERE delated=0 AND password='e7543b108c9167a92fe8735cdc4c046d' AND name='xia' ;
2015-08-02 23:56:38
SELECT name,user_type,id FROM weixin_user WHERE delated=0 AND password='e7543b108c9167a92fe8735cdc4c046d' AND name='xia' ;
2015-08-02 23:59:18
SELECT name,user_type,id FROM weixin_user WHERE delated=0 AND password='e7543b108c9167a92fe8735cdc4c046d' AND name='xia' ;
