2015-08-03 00:00:11
SELECT name,user_type,id FROM weixin_user WHERE delated=0 AND password='e7543b108c9167a92fe8735cdc4c046d' AND name='xia' ;
2015-08-03 00:13:35
SELECT name,user_type,id FROM weixin_user WHERE delated=0 AND password='e7543b108c9167a92fe8735cdc4c046d' AND name='xia' ;
2015-08-03 00:14:05
SELECT name,user_type,id FROM weixin_user WHERE delated=0 AND password='e7543b108c9167a92fe8735cdc4c046d' AND name='xia' ;
2015-08-03 00:17:46
SELECT name,user_type,id FROM weixin_user WHERE delated=0 AND password='e7543b108c9167a92fe8735cdc4c046d' AND name='xia' ;
2015-08-03 00:48:17
SELECT name,user_type,id FROM weixin_user WHERE delated=0 AND password='e7543b108c9167a92fe8735cdc4c046d' AND name='xia' ;
2015-08-03 00:48:26
SELECT name,user_type,id FROM weixin_user WHERE delated=0 AND password='e7543b108c9167a92fe8735cdc4c046d' AND name='xia' ;
2015-08-03 00:52:26
SELECT name,user_type,id FROM weixin_user WHERE delated=0 AND password='e7543b108c9167a92fe8735cdc4c046d' AND name='xia' ;
2015-08-03 01:17:25
SELECT count(*) c 
				FROM weixin_child
				WHERE delated=0 ;
2015-08-03 01:24:28
SELECT count(*) c 
				FROM weixin_child
				WHERE delated=0 ;
2015-08-03 01:24:29
SELECT c_no FROM weixin_child WHERE delated=0 ORDER BY c_id
					LIMIT 0, 10;
2015-08-03 01:24:29
SELECT c_no FROM weixin_child WHERE delated=0 ORDER BY c_id
					LIMIT 10, 10;
2015-08-03 01:24:29
SELECT c_no FROM weixin_child WHERE delated=0 ORDER BY c_id
					LIMIT 20, 10;
2015-08-03 01:25:01
SELECT count(*) c 
				FROM weixin_child
				WHERE delated=0 ;
2015-08-03 01:25:01
SELECT c_no FROM weixin_child WHERE delated=0 ORDER BY c_id
					LIMIT 0, 10;
2015-08-03 01:25:01
SELECT c_no FROM weixin_child WHERE delated=0 ORDER BY c_id
					LIMIT 10, 10;
2015-08-03 01:25:01
SELECT c_no FROM weixin_child WHERE delated=0 ORDER BY c_id
					LIMIT 20, 10;
2015-08-03 01:25:26
SELECT count(*) c 
				FROM weixin_child
				WHERE delated=0 ;
2015-08-03 01:25:26
SELECT c_no FROM weixin_child WHERE delated=0 ORDER BY c_id
					LIMIT 0, 10;
2015-08-03 01:25:26
SELECT c_no FROM weixin_child WHERE delated=0 ORDER BY c_id
					LIMIT 10, 10;
2015-08-03 01:25:26
SELECT c_no FROM weixin_child WHERE delated=0 ORDER BY c_id
					LIMIT 20, 10;
2015-08-03 01:25:37
SELECT count(*) c 
				FROM weixin_child
				WHERE delated=0 ;
2015-08-03 01:25:37
SELECT c_no FROM weixin_child WHERE delated=0 ORDER BY c_id
					LIMIT 0, 10;
2015-08-03 01:25:37
SELECT c_no FROM weixin_child WHERE delated=0 ORDER BY c_id
					LIMIT 10, 10;
2015-08-03 01:25:37
SELECT c_no FROM weixin_child WHERE delated=0 ORDER BY c_id
					LIMIT 20, 10;
